<?xml version="1.0" encoding="UTF-8"?>
<testng-results ignored="0" total="1" passed="1" failed="0" skipped="0">
  <reporter-output>
  </reporter-output>
  <suite started-at="2024-03-16T20:02:49 IST" name="Default suite" finished-at="2024-03-16T20:03:21 IST" duration-ms="31550">
    <groups>
    </groups>
    <test started-at="2024-03-16T20:02:49 IST" name="Default test" finished-at="2024-03-16T20:03:21 IST" duration-ms="31550">
      <class name="com.tribe.workshop.march2024.AppiumWorkshopMarchTests">
        <test-method signature="myFirstTest()[pri:0, instance:com.tribe.workshop.march2024.AppiumWorkshopMarchTests@3d2ee678]" started-at="2024-03-16T20:02:49 IST" name="myFirstTest" finished-at="2024-03-16T20:03:21 IST" duration-ms="31491" status="PASS">
          <reporter-output>
          </reporter-output>
        </test-method> <!-- myFirstTest -->
      </class> <!-- com.tribe.workshop.march2024.AppiumWorkshopMarchTests -->
    </test> <!-- Default test -->
  </suite> <!-- Default suite -->
</testng-results>
